<?xml version="1.0" encoding="UTF-8"?>
<testsuite xmlns:xsi="http://www.w3.org/2001/XMLSchema-instance" xsi:noNamespaceSchemaLocation="https://maven.apache.org/surefire/maven-surefire-plugin/xsd/surefire-test-report-3.0.xsd" version="3.0" name="runner.TestRunner" time="10.016" tests="2" errors="0" skipped="0" failures="2">
  <properties>
[...]
</properties>
  <testcase name="runScenario[&quot;Verify user should see main activity&quot;, &quot;User should be able to launch prime Video Application&quot;](1)" classname="runner.TestRunner" time="8.423">
    <failure message="An unknown server-side error occurred while processing the command. Original error: Url or Uri must start with &lt;scheme&gt;://&#10;Build info: version: &apos;4.35.0&apos;, revision: &apos;1c58e5028b&apos;&#10;System info: os.name: &apos;Mac OS X&apos;, os.arch: &apos;aarch64&apos;, os.version: &apos;14.3&apos;, java.version: &apos;21.0.2&apos;&#10;Driver info: io.appium.java_client.AppiumDriver&#10;Command: [95e9bcd9-16d7-4909-9850-95b0224278cc, get {url=com.amazon.avod.thirdpartyclient/com.amazon.avod.app.MainActivity}]&#10;Capabilities {appium:appActivity: com.amazon.avod.app.MainAct..., appium:appPackage: com.amazon.avod.thirdpartyc..., appium:automationName: UiAutomator2, appium:databaseEnabled: false, appium:desired: {appActivity: com.amazon.avod.app.MainAct..., appPackage: com.amazon.avod.thirdpartyc..., automationName: UiAutomator2, deviceName: 2A211FDH300FY5, platformName: ANDROID, platformVersion: 16}, appium:deviceApiLevel: 36, appium:deviceManufacturer: Google, appium:deviceModel: Pixel 7 Pro, appium:deviceName: 2A211FDH300FY5, appium:deviceScreenDensity: 560, appium:deviceScreenSize: 1440x3120, appium:deviceUDID: 2A211FDH300FY5, appium:javascriptEnabled: true, appium:locationContextEnabled: false, appium:networkConnectionEnabled: true, appium:pixelRatio: 3.5, appium:platformVersion: 16, appium:statBarHeight: 142, appium:takesScreenshot: true, appium:viewportRect: {height: 2978, left: 0, top: 142, width: 1440}, appium:warnings: {}, appium:webStorageEnabled: false, platformName: ANDROID}&#10;Session ID: 95e9bcd9-16d7-4909-9850-95b0224278cc" type="org.openqa.selenium.WebDriverException"><![CDATA[org.openqa.selenium.WebDriverException: 
An unknown server-side error occurred while processing the command. Original error: Url or Uri must start with <scheme>://
Build info: version: '4.35.0', revision: '1c58e5028b'
System info: os.name: 'Mac OS X', os.arch: 'aarch64', os.version: '14.3', java.version: '21.0.2'
Driver info: io.appium.java_client.AppiumDriver
Command: [95e9bcd9-16d7-4909-9850-95b0224278cc, get {url=com.amazon.avod.thirdpartyclient/com.amazon.avod.app.MainActivity}]
Capabilities {appium:appActivity: com.amazon.avod.app.MainAct..., appium:appPackage: com.amazon.avod.thirdpartyc..., appium:automationName: UiAutomator2, appium:databaseEnabled: false, appium:desired: {appActivity: com.amazon.avod.app.MainAct..., appPackage: com.amazon.avod.thirdpartyc..., automationName: UiAutomator2, deviceName: 2A211FDH300FY5, platformName: ANDROID, platformVersion: 16}, appium:deviceApiLevel: 36, appium:deviceManufacturer: Google, appium:deviceModel: Pixel 7 Pro, appium:deviceName: 2A211FDH300FY5, appium:deviceScreenDensity: 560, appium:deviceScreenSize: 1440x3120, appium:deviceUDID: 2A211FDH300FY5, appium:javascriptEnabled: true, appium:locationContextEnabled: false, appium:networkConnectionEnabled: true, appium:pixelRatio: 3.5, appium:platformVersion: 16, appium:statBarHeight: 142, appium:takesScreenshot: true, appium:viewportRect: {height: 2978, left: 0, top: 142, width: 1440}, appium:warnings: {}, appium:webStorageEnabled: false, platformName: ANDROID}
Session ID: 95e9bcd9-16d7-4909-9850-95b0224278cc
	at java.base/jdk.internal.reflect.DirectConstructorHandleAccessor.newInstance(DirectConstructorHandleAccessor.java:62)
	at java.base/java.lang.reflect.Constructor.newInstanceWithCaller(Constructor.java:502)
	at java.base/java.lang.reflect.Constructor.newInstance(Constructor.java:486)
	at org.openqa.selenium.remote.ErrorCodec.decode(ErrorCodec.java:167)
	at org.openqa.selenium.remote.codec.w3c.W3CHttpResponseCodec.decode(W3CHttpResponseCodec.java:138)
	at org.openqa.selenium.remote.codec.w3c.W3CHttpResponseCodec.decode(W3CHttpResponseCodec.java:50)
	at org.openqa.selenium.remote.HttpCommandExecutor.execute(HttpCommandExecutor.java:215)
	at io.appium.java_client.remote.AppiumCommandExecutor.execute(AppiumCommandExecutor.java:243)
	at org.openqa.selenium.remote.RemoteWebDriver.execute(RemoteWebDriver.java:557)
	at org.openqa.selenium.remote.RemoteWebDriver.get(RemoteWebDriver.java:325)
	at com.test.roku.utils.DriverUtils.launchUrl(DriverUtils.java:178)
	at com.test.roku.utils.DriverUtils.initDriver(DriverUtils.java:45)
	at com.test.roku.utils.DriverUtils.getDriver(DriverUtils.java:50)
	at com.test.roku.steps.Hooks.setUp(Hooks.java:30)
]]></failure>
    <system-out><![CDATA[DelFile 12345./test-output/SparkReport

@PVMobileNativeRegression
Scenario: Verify user should see main activity     &amp#27;[90m# src/test/java/features/PrimeVideoSignInMobile.feature:7&amp#27;[0m
&amp#27;[35m[Appium]&amp#27;[39m Welcome to Appium v2.5.1
&amp#27;[35m[Appium]&amp#27;[39m Non-default server args:
&amp#27;[35m[Appium]&amp#27;[39m { address: &amp#27;[32m'127.0.0.1'&amp#27;[39m }
&amp#27;[35m[Appium]&amp#27;[39m The autodetected Appium home path: /Users/sanju/.appium
&amp#27;[35m[Appium]&amp#27;[39m Attempting to load driver xcuitest...
&amp#27;[35m[Appium]&amp#27;[39m Attempting to load driver uiautomator2...
&amp#27;[35m[Appium]&amp#27;[39m Attempting to load driver espresso...
&amp#27;[35m[Appium]&amp#27;[39m Requiring driver at /Users/sanju/.appium/node_modules/appium-uiautomator2-driver/build/index.js
&amp#27;[35m[Appium]&amp#27;[39m Requiring driver at /Users/sanju/.appium/node_modules/appium-espresso-driver/build/index.js
&amp#27;[35m[Appium]&amp#27;[39m Requiring driver at /Users/sanju/.appium/node_modules/appium-xcuitest-driver/build/index.js
[Appium] AndroidUiautomator2Driver has been successfully loaded in 1.237s
[Appium] EspressoDriver has been successfully loaded in 1.237s
[Appium] XCUITestDriver has been successfully loaded in 1.237s
[Appium] Appium REST http interface listener started on http://127.0.0.1:4723
[Appium] Available drivers:
[Appium]   - xcuitest@7.3.0 (automationName 'XCUITest')
[Appium]   - uiautomator2@3.0.2 (automationName 'UiAutomator2')
[Appium]   - espresso@2.37.1 (automationName 'Espresso')
[Appium] No plugins have been installed. Use the "appium plugin" command to install the one(s) you want to use.
&amp#27;[38;5;0m[HTTP]&amp#27;[0m &amp#27;[37m-->&amp#27;[39m &amp#27;[37mGET&amp#27;[39m &amp#27;[37m/status&amp#27;[39m
&amp#27;[38;5;0m[HTTP]&amp#27;[0m {}
&amp#27;[38;5;16m[AppiumDriver@8afa]&amp#27;[0m Calling AppiumDriver.getStatus() with args: []
&amp#27;[38;5;16m[AppiumDriver@8afa]&amp#27;[0m Responding to client with driver.getStatus() result: {"ready":true,"message":"The server is ready to accept new connections","build":{"version":"2.5.1"}}
&amp#27;[38;5;0m[HTTP]&amp#27;[0m <-- GET /status 200 3 ms - 110
&amp#27;[38;5;0m[HTTP]&amp#27;[0m 
&amp#27;[38;5;0m[HTTP]&amp#27;[0m &amp#27;[37m-->&amp#27;[39m &amp#27;[37mGET&amp#27;[39m &amp#27;[37m/status&amp#27;[39m
&amp#27;[38;5;0m[HTTP]&amp#27;[0m {}
&amp#27;[38;5;16m[AppiumDriver@8afa]&amp#27;[0m Calling AppiumDriver.getStatus() with args: []
&amp#27;[38;5;16m[AppiumDriver@8afa]&amp#27;[0m Responding to client with driver.getStatus() result: {"ready":true,"message":"The server is ready to accept new connections","build":{"version":"2.5.1"}}
&amp#27;[38;5;0m[HTTP]&amp#27;[0m <-- GET /status 200 0 ms - 110
&amp#27;[38;5;0m[HTTP]&amp#27;[0m 
&amp#27;[38;5;0m[HTTP]&amp#27;[0m Request idempotency key: 8723619d-5c89-4281-be85-ae113c5935b7
&amp#27;[38;5;0m[HTTP]&amp#27;[0m &amp#27;[37m-->&amp#27;[39m &amp#27;[37mPOST&amp#27;[39m &amp#27;[37m/session&amp#27;[39m
&amp#27;[38;5;0m[HTTP]&amp#27;[0m {"capabilities":{"firstMatch":[{"appium:appActivity":"com.amazon.avod.app.MainActivity","appium:deviceName":"2A211FDH300FY5","platformName":"ANDROID","appium:automationName":"UiAutomator2","appium:platformVersion":"16","appium:appPackage":"com.amazon.avod.thirdpartyclient"}]}}
&amp#27;[38;5;16m[AppiumDriver@8afa]&amp#27;[0m Calling AppiumDriver.createSession() with args: [null,null,{"firstMatch":[{"appium:appActivity":"com.amazon.avod.app.MainActivity","appium:deviceName":"2A211FDH300FY5","platformName":"ANDROID","appium:automationName":"UiAutomator2","appium:platformVersion":"16","appium:appPackage":"com.amazon.avod.thirdpartyclient"}]}]
&amp#27;[38;5;16m[AppiumDriver@8afa]&amp#27;[0m Event 'newSessionRequested' logged at 1758672371913 (01:06:11 GMT+0100 (British Summer Time))
[Appium] Attempting to find matching driver for automationName 'UiAutomator2' and platformName 'ANDROID'
[Appium] The 'uiautomator2' driver was installed and matched caps.
[Appium] Will require it at /Users/sanju/.appium/node_modules/appium-uiautomator2-driver
[Appium] Requiring driver at /Users/sanju/.appium/node_modules/appium-uiautomator2-driver/build/index.js
&amp#27;[38;5;16m[AppiumDriver@8afa]&amp#27;[0m Appium v2.5.1 creating new AndroidUiautomator2Driver (v3.0.2) session
&amp#27;[38;5;16m[AppiumDriver@8afa]&amp#27;[0m Checking BaseDriver versions for Appium and AndroidUiautomator2Driver
&amp#27;[38;5;16m[AppiumDriver@8afa]&amp#27;[0m Appium's BaseDriver version is 9.5.2
&amp#27;[38;5;16m[AppiumDriver@8afa]&amp#27;[0m AndroidUiautomator2Driver's BaseDriver version is 9.5.2
&amp#27;[38;5;32m[AndroidUiautomator2Driver@19ff]&amp#27;[0m Creating session with W3C capabilities: {
&amp#27;[38;5;32m[AndroidUiautomator2Driver@19ff]&amp#27;[0m   "alwaysMatch": {
&amp#27;[38;5;32m[AndroidUiautomator2Driver@19ff]&amp#27;[0m     "platformName": "ANDROID",
&amp#27;[38;5;32m[AndroidUiautomator2Driver@19ff]&amp#27;[0m     "appium:appActivity": "com.amazon.avod.app.MainActivity",
&amp#27;[38;5;32m[AndroidUiautomator2Driver@19ff]&amp#27;[0m     "appium:deviceName": "2A211FDH300FY5",
&amp#27;[38;5;32m[AndroidUiautomator2Driver@19ff]&amp#27;[0m     "appium:automationName": "UiAutomator2",
&amp#27;[38;5;32m[AndroidUiautomator2Driver@19ff]&amp#27;[0m     "appium:platformVersion": "16",
&amp#27;[38;5;32m[AndroidUiautomator2Driver@19ff]&amp#27;[0m     "appium:appPackage": "com.amazon.avod.thirdpartyclient"
&amp#27;[38;5;32m[AndroidUiautomator2Driver@19ff]&amp#27;[0m   },
&amp#27;[38;5;32m[AndroidUiautomator2Driver@19ff]&amp#27;[0m   "firstMatch": [
&amp#27;[38;5;32m[AndroidUiautomator2Driver@19ff]&amp#27;[0m     {}
&amp#27;[38;5;32m[AndroidUiautomator2Driver@19ff]&amp#27;[0m   ]
&amp#27;[38;5;32m[AndroidUiautomator2Driver@19ff]&amp#27;[0m }
&amp#27;[38;5;32m[AndroidUiautomator2Driver@19ff (95e9bcd9)]&amp#27;[0m Session created with session id: 95e9bcd9-16d7-4909-9850-95b0224278cc
&amp#27;[38;5;48m[ADB]&amp#27;[0m Found 1 'build-tools' folders under '/Users/sanju/Library/Android/sdk' (newest first):
&amp#27;[38;5;48m[ADB]&amp#27;[0m     /Users/sanju/Library/Android/sdk/build-tools/34.0.0
&amp#27;[38;5;48m[ADB]&amp#27;[0m Using 'adb' from '/Users/sanju/Library/Android/sdk/platform-tools/adb'
&amp#27;[38;5;48m[ADB]&amp#27;[0m Running '/Users/sanju/Library/Android/sdk/platform-tools/adb -P 5037 start-server'
&amp#27;[38;5;32m[AndroidUiautomator2Driver@19ff (95e9bcd9)]&amp#27;[0m Retrieving device list
&amp#27;[38;5;48m[ADB]&amp#27;[0m Trying to find connected Android devices
&amp#27;[38;5;48m[ADB]&amp#27;[0m Getting connected devices
&amp#27;[38;5;48m[ADB]&amp#27;[0m Connected devices: [{"udid":"2A211FDH300FY5","state":"device"}]
&amp#27;[38;5;32m[AndroidUiautomator2Driver@19ff (95e9bcd9)]&amp#27;[0m Looking for a device with Android '16.0.0'
&amp#27;[38;5;48m[ADB]&amp#27;[0m Setting device id to 2A211FDH300FY5
&amp#27;[38;5;48m[ADB]&amp#27;[0m Getting device platform version
&amp#27;[38;5;48m[ADB]&amp#27;[0m Running '/Users/sanju/Library/Android/sdk/platform-tools/adb -P 5037 -s 2A211FDH300FY5 shell getprop ro.build.version.release'
&amp#27;[38;5;48m[ADB]&amp#27;[0m Current device property 'ro.build.version.release': 16
&amp#27;[38;5;32m[AndroidUiautomator2Driver@19ff (95e9bcd9)]&amp#27;[0m Using device: 2A211FDH300FY5
&amp#27;[38;5;48m[ADB]&amp#27;[0m Using 'adb' from '/Users/sanju/Library/Android/sdk/platform-tools/adb'
&amp#27;[38;5;48m[ADB]&amp#27;[0m Running '/Users/sanju/Library/Android/sdk/platform-tools/adb -P 5037 start-server'
&amp#27;[38;5;48m[ADB]&amp#27;[0m Setting device id to 2A211FDH300FY5
&amp#27;[38;5;32m[AndroidUiautomator2Driver@19ff (95e9bcd9)]&amp#27;[0m Starting 'com.amazon.avod.thirdpartyclient' directly on the device
&amp#27;[38;5;48m[ADB]&amp#27;[0m Running '/Users/sanju/Library/Android/sdk/platform-tools/adb -P 5037 -s 2A211FDH300FY5 shell getprop ro.build.version.sdk'
&amp#27;[38;5;48m[ADB]&amp#27;[0m Current device property 'ro.build.version.sdk': 36
&amp#27;[38;5;48m[ADB]&amp#27;[0m Getting device platform version
&amp#27;[38;5;48m[ADB]&amp#27;[0m Running '/Users/sanju/Library/Android/sdk/platform-tools/adb -P 5037 -s 2A211FDH300FY5 shell getprop ro.build.version.release'
&amp#27;[38;5;48m[ADB]&amp#27;[0m Current device property 'ro.build.version.release': 16
&amp#27;[38;5;48m[ADB]&amp#27;[0m Device API level: 36
&amp#27;[38;5;32m[AndroidUiautomator2Driver@19ff (95e9bcd9)]&amp#27;[0m Relaxing hidden api policy
&amp#27;[38;5;48m[ADB]&amp#27;[0m Running '/Users/sanju/Library/Android/sdk/platform-tools/adb -P 5037 -s 2A211FDH300FY5 shell 'settings put global hidden_api_policy_pre_p_apps 1;settings put global hidden_api_policy_p_apps 1;settings put global hidden_api_policy 1''
&amp#27;[38;5;32m[AndroidUiautomator2Driver@19ff (95e9bcd9)]&amp#27;[0m No app sent in, not parsing package/activity
&amp#27;[38;5;32m[AndroidUiautomator2Driver@19ff (95e9bcd9)]&amp#27;[0m Pushing settings apk to the device...
&amp#27;[38;5;48m[ADB]&amp#27;[0m Getting package info for 'io.appium.settings'
&amp#27;[38;5;48m[ADB]&amp#27;[0m Running '/Users/sanju/Library/Android/sdk/platform-tools/adb -P 5037 -s 2A211FDH300FY5 shell dumpsys package io.appium.settings'
&amp#27;[38;5;48m[ADB]&amp#27;[0m The version name of the installed 'io.appium.settings' is greater or equal to the application version name ('5.7.6' >= '5.7.6')
&amp#27;[38;5;48m[ADB]&amp#27;[0m There is no need to install/upgrade '/Users/sanju/.appium/node_modules/appium-uiautomator2-driver/node_modules/io.appium.settings/apks/settings_apk-debug.apk'
&amp#27;[38;5;48m[ADB]&amp#27;[0m Running '/Users/sanju/Library/Android/sdk/platform-tools/adb -P 5037 -s 2A211FDH300FY5 shell dumpsys activity services io.appium.settings'
&amp#27;[38;5;32m[AndroidUiautomator2Driver@19ff (95e9bcd9)]&amp#27;[0m io.appium.settings is already running. There is no need to reset its permissions.
&amp#27;[38;5;64m[Logcat]&amp#27;[0m Starting logs capture with command: /Users/sanju/Library/Android/sdk/platform-tools/adb -P 5037 -s 2A211FDH300FY5 logcat -v threadtime
&amp#27;[38;5;48m[ADB]&amp#27;[0m Running '/Users/sanju/Library/Android/sdk/platform-tools/adb -P 5037 -s 2A211FDH300FY5 shell appops set io.appium.settings android:mock_location allow'
&amp#27;[38;5;48m[ADB]&amp#27;[0m Running '/Users/sanju/Library/Android/sdk/platform-tools/adb -P 5037 -s 2A211FDH300FY5 shell "[ -e '/data/local/tmp/mock_apps.json' ] && echo __PASS__"'
&amp#27;[38;5;48m[ADB]&amp#27;[0m Running '/Users/sanju/Library/Android/sdk/platform-tools/adb -P 5037 -s 2A211FDH300FY5 shell cat /data/local/tmp/mock_apps.json'
&amp#27;[38;5;32m[AndroidUiautomator2Driver@19ff (95e9bcd9)]&amp#27;[0m Forwarding UiAutomator2 Server port 6790 to local port 8200
&amp#27;[38;5;48m[ADB]&amp#27;[0m Forwarding system: 8200 to device: 6790
&amp#27;[38;5;48m[ADB]&amp#27;[0m Running '/Users/sanju/Library/Android/sdk/platform-tools/adb -P 5037 -s 2A211FDH300FY5 forward tcp:8200 tcp:6790'
&amp#27;[38;5;32m[AndroidUiautomator2Driver@19ff (95e9bcd9)]&amp#27;[0m No app capability. Assuming it is already on the device
&amp#27;[38;5;48m[ADB]&amp#27;[0m Getting install status for com.amazon.avod.thirdpartyclient
&amp#27;[38;5;48m[ADB]&amp#27;[0m Running '/Users/sanju/Library/Android/sdk/platform-tools/adb -P 5037 -s 2A211FDH300FY5 shell pm path com.amazon.avod.thirdpartyclient'
&amp#27;[38;5;48m[ADB]&amp#27;[0m Checking app cert for /Users/sanju/.appium/node_modules/appium-uiautomator2-driver/node_modules/appium-uiautomator2-server/apks/appium-uiautomator2-server-v7.0.3.apk
&amp#27;[38;5;48m[ADB]&amp#27;[0m Checking app cert for /Users/sanju/.appium/node_modules/appium-uiautomator2-driver/node_modules/appium-uiautomator2-server/apks/appium-uiautomator2-server-debug-androidTest.apk
&amp#27;[38;5;48m[ADB]&amp#27;[0m Using 'apksigner.jar' from '/Users/sanju/Library/Android/sdk/build-tools/34.0.0/lib/apksigner.jar'
&amp#27;[38;5;48m[ADB]&amp#27;[0m Starting apksigner: /Library/Java/JavaVirtualMachines/jdk-21.jdk/Contents/Home/bin/java -Xmx1024M -Xss1m -jar /Users/sanju/Library/Android/sdk/build-tools/34.0.0/lib/apksigner.jar verify --print-certs /Users/sanju/.appium/node_modules/appium-uiautomator2-driver/node_modules/appium-uiautomator2-server/apks/appium-uiautomator2-server-debug-androidTest.apk
&amp#27;[38;5;48m[ADB]&amp#27;[0m 'com.amazon.avod.thirdpartyclient' is installed
&amp#27;[38;5;48m[ADB]&amp#27;[0m Running '/Users/sanju/Library/Android/sdk/platform-tools/adb -P 5037 -s 2A211FDH300FY5 shell am force-stop com.amazon.avod.thirdpartyclient'
&amp#27;[38;5;48m[ADB]&amp#27;[0m Starting apksigner: /Library/Java/JavaVirtualMachines/jdk-21.jdk/Contents/Home/bin/java -Xmx1024M -Xss1m -jar /Users/sanju/Library/Android/sdk/build-tools/34.0.0/lib/apksigner.jar verify --print-certs /Users/sanju/.appium/node_modules/appium-uiautomator2-driver/node_modules/appium-uiautomator2-server/apks/appium-uiautomator2-server-v7.0.3.apk
&amp#27;[38;5;48m[ADB]&amp#27;[0m Running '/Users/sanju/Library/Android/sdk/platform-tools/adb -P 5037 -s 2A211FDH300FY5 shell pm clear com.amazon.avod.thirdpartyclient'
&amp#27;[38;5;48m[ADB]&amp#27;[0m apksigner stdout: Signer #1 certificate DN: EMAILADDRESS=android@android.com, CN=Android, OU=Android, O=Android, L=Mountain View, ST=California, C=US
&amp#27;[38;5;48m[ADB]&amp#27;[0m Signer #1 certificate SHA-256 digest: a40da80a59d170caa950cf15c18c454d47a39b26989d8b640ecd745ba71bf5dc
&amp#27;[38;5;48m[ADB]&amp#27;[0m Signer #1 certificate SHA-1 digest: 61ed377e85d386a8dfee6b864bd85b0bfaa5af81
&amp#27;[38;5;48m[ADB]&amp#27;[0m Signer #1 certificate MD5 digest: e89b158e4bcf988ebd09eb83f5378e87
&amp#27;[38;5;48m[ADB]&amp#27;[0m 
&amp#27;[38;5;48m[ADB]&amp#27;[0m sha256 hash did match for 'appium-uiautomator2-server-debug-androidTest.apk'
&amp#27;[38;5;48m[ADB]&amp#27;[0m '/Users/sanju/.appium/node_modules/appium-uiautomator2-driver/node_modules/appium-uiautomator2-server/apks/appium-uiautomator2-server-debug-androidTest.apk' is signed with the default certificate
&amp#27;[38;5;48m[ADB]&amp#27;[0m Getting install status for io.appium.uiautomator2.server.test
&amp#27;[38;5;48m[ADB]&amp#27;[0m Running '/Users/sanju/Library/Android/sdk/platform-tools/adb -P 5037 -s 2A211FDH300FY5 shell pm path io.appium.uiautomator2.server.test'
&amp#27;[38;5;32m[AndroidUiautomator2Driver@19ff (95e9bcd9)]&amp#27;[0m Performed fast reset on the installed 'com.amazon.avod.thirdpartyclient' application (stop and clear)
&amp#27;[38;5;48m[ADB]&amp#27;[0m 'io.appium.uiautomator2.server.test' is installed
&amp#27;[38;5;48m[ADB]&amp#27;[0m apksigner stdout: Signer #1 certificate DN: EMAILADDRESS=android@android.com, CN=Android, OU=Android, O=Android, L=Mountain View, ST=California, C=US
&amp#27;[38;5;48m[ADB]&amp#27;[0m Signer #1 certificate SHA-256 digest: a40da80a59d170caa950cf15c18c454d47a39b26989d8b640ecd745ba71bf5dc
&amp#27;[38;5;48m[ADB]&amp#27;[0m Signer #1 certificate SHA-1 digest: 61ed377e85d386a8dfee6b864bd85b0bfaa5af81
&amp#27;[38;5;48m[ADB]&amp#27;[0m Signer #1 certificate MD5 digest: e89b158e4bcf988ebd09eb83f5378e87
&amp#27;[38;5;48m[ADB]&amp#27;[0m 
&amp#27;[38;5;48m[ADB]&amp#27;[0m sha256 hash did match for 'appium-uiautomator2-server-v7.0.3.apk'
&amp#27;[38;5;48m[ADB]&amp#27;[0m '/Users/sanju/.appium/node_modules/appium-uiautomator2-driver/node_modules/appium-uiautomator2-server/apks/appium-uiautomator2-server-v7.0.3.apk' is signed with the default certificate
&amp#27;[38;5;48m[ADB]&amp#27;[0m Getting package info for 'io.appium.uiautomator2.server'
&amp#27;[38;5;48m[ADB]&amp#27;[0m Running '/Users/sanju/Library/Android/sdk/platform-tools/adb -P 5037 -s 2A211FDH300FY5 shell dumpsys package io.appium.uiautomator2.server'
&amp#27;[38;5;48m[ADB]&amp#27;[0m The version name of the installed 'io.appium.uiautomator2.server' is greater or equal to the application version name ('7.0.3' >= '7.0.3')
&amp#27;[38;5;32m[AndroidUiautomator2Driver@19ff (95e9bcd9)]&amp#27;[0m Server packages status: [{"wasSigned":true,"installState":"sameVersionInstalled","appPath":"/Users/sanju/.appium/node_modules/appium-uiautomator2-driver/node_modules/appium-uiautomator2-server/apks/appium-uiautomator2-server-v7.0.3.apk","appId":"io.appium.uiautomator2.server"},{"wasSigned":true,"installState":"sameVersionInstalled","appPath":"/Users/sanju/.appium/node_modules/appium-uiautomator2-driver/node_modules/appium-uiautomator2-server/apks/appium-uiautomator2-server-debug-androidTest.apk","appId":"io.appium.uiautomator2.server.test"}]
&amp#27;[38;5;32m[AndroidUiautomator2Driver@19ff (95e9bcd9)]&amp#27;[0m Server packages are not going to be (re)installed
&amp#27;[38;5;32m[AndroidUiautomator2Driver@19ff (95e9bcd9)]&amp#27;[0m Waiting up to 30000ms for services to be available
&amp#27;[38;5;48m[ADB]&amp#27;[0m Running '/Users/sanju/Library/Android/sdk/platform-tools/adb -P 5037 -s 2A211FDH300FY5 shell pm list instrumentation'
&amp#27;[38;5;32m[AndroidUiautomator2Driver@19ff (95e9bcd9)]&amp#27;[0m Instrumentation target 'io.appium.uiautomator2.server.test/androidx.test.runner.AndroidJUnitRunner' is available
&amp#27;[38;5;48m[ADB]&amp#27;[0m Adding packages ["io.appium.settings","io.appium.uiautomator2.server","io.appium.uiautomator2.server.test"] to Doze whitelist
&amp#27;[38;5;48m[ADB]&amp#27;[0m Got the following command chunks to execute: [["dumpsys","deviceidle","whitelist","+io.appium.settings",";","dumpsys","deviceidle","whitelist","+io.appium.uiautomator2.server",";","dumpsys","deviceidle","whitelist","+io.appium.uiautomator2.server.test",";"]]
&amp#27;[38;5;48m[ADB]&amp#27;[0m Running '/Users/sanju/Library/Android/sdk/platform-tools/adb -P 5037 -s 2A211FDH300FY5 shell dumpsys deviceidle whitelist +io.appium.settings ; dumpsys deviceidle whitelist +io.appium.uiautomator2.server ; dumpsys deviceidle whitelist +io.appium.uiautomator2.server.test ;'
&amp#27;[38;5;32m[AndroidUiautomator2Driver@19ff (95e9bcd9)]&amp#27;[0m Performing shallow cleanup of automation leftovers
&amp#27;[38;5;32m[AndroidUiautomator2Driver@19ff (95e9bcd9)]&amp#27;[0m No obsolete sessions have been detected (socket hang up)
&amp#27;[38;5;48m[ADB]&amp#27;[0m Running '/Users/sanju/Library/Android/sdk/platform-tools/adb -P 5037 -s 2A211FDH300FY5 shell am force-stop io.appium.uiautomator2.server.test'
&amp#27;[38;5;32m[AndroidUiautomator2Driver@19ff (95e9bcd9)]&amp#27;[0m Starting UIAutomator2 server 7.0.3
&amp#27;[38;5;32m[AndroidUiautomator2Driver@19ff (95e9bcd9)]&amp#27;[0m Using UIAutomator2 server from '/Users/sanju/.appium/node_modules/appium-uiautomator2-driver/node_modules/appium-uiautomator2-server/apks/appium-uiautomator2-server-v7.0.3.apk' and test from '/Users/sanju/.appium/node_modules/appium-uiautomator2-driver/node_modules/appium-uiautomator2-server/apks/appium-uiautomator2-server-debug-androidTest.apk'
&amp#27;[38;5;32m[AndroidUiautomator2Driver@19ff (95e9bcd9)]&amp#27;[0m Waiting up to 30000ms for UiAutomator2 to be online...
&amp#27;[38;5;48m[ADB]&amp#27;[0m Creating ADB subprocess with args: ["-P","5037","-s","2A211FDH300FY5","shell","am","instrument","-w","-e","disableAnalytics","true","io.appium.uiautomator2.server.test/androidx.test.runner.AndroidJUnitRunner"]
&amp#27;[38;5;32m[AndroidUiautomator2Driver@19ff (95e9bcd9)]&amp#27;[0m Matched '/status' to command name 'getStatus'
&amp#27;[38;5;32m[AndroidUiautomator2Driver@19ff (95e9bcd9)]&amp#27;[0m Proxying [GET /status] to [GET http://127.0.0.1:8200/status] with no body
&amp#27;[38;5;32m[AndroidUiautomator2Driver@19ff (95e9bcd9)]&amp#27;[0m socket hang up
&amp#27;[38;5;32m[AndroidUiautomator2Driver@19ff (95e9bcd9)]&amp#27;[0m Matched '/status' to command name 'getStatus'
&amp#27;[38;5;32m[AndroidUiautomator2Driver@19ff (95e9bcd9)]&amp#27;[0m Proxying [GET /status] to [GET http://127.0.0.1:8200/status] with no body
&amp#27;[38;5;32m[AndroidUiautomator2Driver@19ff (95e9bcd9)]&amp#27;[0m socket hang up
&amp#27;[38;5;80m[Instrumentation]&amp#27;[0m io.appium.uiautomator2.server.test.AppiumUiAutomator2Server:
&amp#27;[38;5;32m[AndroidUiautomator2Driver@19ff (95e9bcd9)]&amp#27;[0m Matched '/status' to command name 'getStatus'
&amp#27;[38;5;32m[AndroidUiautomator2Driver@19ff (95e9bcd9)]&amp#27;[0m Proxying [GET /status] to [GET http://127.0.0.1:8200/status] with no body
&amp#27;[38;5;32m[AndroidUiautomator2Driver@19ff (95e9bcd9)]&amp#27;[0m socket hang up
&amp#27;[38;5;32m[AndroidUiautomator2Driver@19ff (95e9bcd9)]&amp#27;[0m Matched '/status' to command name 'getStatus'
&amp#27;[38;5;32m[AndroidUiautomator2Driver@19ff (95e9bcd9)]&amp#27;[0m Proxying [GET /status] to [GET http://127.0.0.1:8200/status] with no body
&amp#27;[38;5;32m[AndroidUiautomator2Driver@19ff (95e9bcd9)]&amp#27;[0m Got response with status 200: {"sessionId":"None","value":{"message":"UiAutomator2 Server is ready to accept commands","ready":true}}
&amp#27;[38;5;32m[AndroidUiautomator2Driver@19ff (95e9bcd9)]&amp#27;[0m The initialization of the instrumentation process took 3133ms
&amp#27;[38;5;32m[AndroidUiautomator2Driver@19ff (95e9bcd9)]&amp#27;[0m Matched '/session' to command name 'createSession'
&amp#27;[38;5;32m[AndroidUiautomator2Driver@19ff (95e9bcd9)]&amp#27;[0m Proxying [POST /session] to [POST http://127.0.0.1:8200/session] with body: {"capabilities":{"firstMatch":[{"platformName":"ANDROID","appActivity":"com.amazon.avod.app.MainActivity","deviceName":"2A211FDH300FY5","automationName":"UiAutomator2","platformVersion":"16","appPackage":"com.amazon.avod.thirdpartyclient","platform":"LINUX","webStorageEnabled":false,"takesScreenshot":true,"javascriptEnabled":true,"databaseEnabled":false,"networkConnectionEnabled":true,"locationContextEnabled":false,"warnings":{},"desired":{"platformName":"ANDROID","appActivity":"com.amazon.avod.app.MainActivity","deviceName":"2A211FDH300FY5","automationName":"UiAutomator2","platformVersion":"16","appPackage":"com.amazon.avod.thirdpartyclient"},"deviceUDID":"2A211FDH300FY5"}],"alwaysMatch":{}}}
&amp#27;[38;5;32m[AndroidUiautomator2Driver@19ff (95e9bcd9)]&amp#27;[0m Got response with status 200: {"sessionId":"cf6e4f31-04dd-4c65-b472-5f12a885f10a","value":{"capabilities":{"firstMatch":[{"platformName":"ANDROID","appActivity":"com.amazon.avod.app.MainActivity","deviceName":"2A211FDH300FY5","automationName":"UiAutomator2","platformVersion":"16","appPackage":"com.amazon.avod.thirdpartyclient","platform":"LINUX","webStorageEnabled":false,"takesScreenshot":true,"javascriptEnabled":true,"databaseEnabled":false,"networkConnectionEnabled":true,"locationContextEnabled":false,"warnings":{},"desired":{"platformName":"ANDROID","appActivity":"com.amazon.avod.app.MainActivity","deviceName":"2A211FDH300FY5","automationName":"UiAutomator2","platformVersion":"16","appPackage":"com.amazon.avod.thirdpartyclient"},"deviceUDID":"2A211FDH300FY5"}],"alwaysMatch":{}},"sessionId":"cf6e4f31-04dd-4c65-b472-5f12a885f10a"}}
&amp#27;[38;5;32m[AndroidUiautomator2Driver@19ff (95e9bcd9)]&amp#27;[0m Determined the downstream protocol as 'W3C'
&amp#27;[38;5;32m[AndroidUiautomator2Driver@19ff (95e9bcd9)]&amp#27;[0m Proxying [GET /appium/device/pixel_ratio] to [GET http://127.0.0.1:8200/session/cf6e4f31-04dd-4c65-b472-5f12a885f10a/appium/device/pixel_ratio] with no body
&amp#27;[38;5;32m[AndroidUiautomator2Driver@19ff (95e9bcd9)]&amp#27;[0m Matched '/appium/device/system_bars' to command name 'getSystemBars'
&amp#27;[38;5;32m[AndroidUiautomator2Driver@19ff (95e9bcd9)]&amp#27;[0m Proxying [GET /appium/device/system_bars] to [GET http://127.0.0.1:8200/session/cf6e4f31-04dd-4c65-b472-5f12a885f10a/appium/device/system_bars] with no body
&amp#27;[38;5;32m[AndroidUiautomator2Driver@19ff (95e9bcd9)]&amp#27;[0m Matched '/window/current/size' to command name 'getWindowSize'
&amp#27;[38;5;32m[AndroidUiautomator2Driver@19ff (95e9bcd9)]&amp#27;[0m Proxying [GET /window/current/size] to [GET http://127.0.0.1:8200/session/cf6e4f31-04dd-4c65-b472-5f12a885f10a/window/current/size] with no body
&amp#27;[38;5;32m[AndroidUiautomator2Driver@19ff (95e9bcd9)]&amp#27;[0m Proxying [GET /appium/device/info] to [GET http://127.0.0.1:8200/session/cf6e4f31-04dd-4c65-b472-5f12a885f10a/appium/device/info] with no body
&amp#27;[38;5;48m[ADB]&amp#27;[0m Running '/Users/sanju/Library/Android/sdk/platform-tools/adb -P 5037 -s 2A211FDH300FY5 shell dumpsys window'
&amp#27;[38;5;32m[AndroidUiautomator2Driver@19ff (95e9bcd9)]&amp#27;[0m Got response with status 200: {"sessionId":"cf6e4f31-04dd-4c65-b472-5f12a885f10a","value":3.5}
&amp#27;[38;5;32m[AndroidUiautomator2Driver@19ff (95e9bcd9)]&amp#27;[0m Got response with status 200: {"sessionId":"cf6e4f31-04dd-4c65-b472-5f12a885f10a","value":{"height":3120,"width":1440}}
&amp#27;[38;5;32m[AndroidUiautomator2Driver@19ff (95e9bcd9)]&amp#27;[0m Got response with status 200: {"sessionId":"cf6e4f31-04dd-4c65-b472-5f12a885f10a","value":{"statusBar":142}}
&amp#27;[38;5;32m[AndroidUiautomator2Driver@19ff (95e9bcd9)]&amp#27;[0m Got response with status 200: {"sessionId":"cf6e4f31-04dd-4c65-b472-5f12a885f10a","value":{"androidId":"658714096a1cb7bc","apiVersion":"36","bluetooth":{"state":"ON"},"brand":"google","carrierName":"LycaMobile","displayDensity":560,"locale":"en_US_#u-mu-celsius","manufacturer":"Google","model":"Pixel 7 Pro","networks":[{"capabilities":{"SSID":null,"linkDownBandwidthKbps":13891,"linkUpstreamBandwidthKbps":7088,"networkCapabilities":"NET_CAPABILITY_IMS,NET_CAPABILITY_NOT_METERED,NET_CAPABILITY_TRUSTED,NET_CAPABILITY_NOT_VPN,NET_CAPABILITY_VALIDATED,NET_CAPABILITY_NOT_ROAMING,NET_CAPABILITY_FOREGROUND,NET_CAPABILITY_NOT_CONGESTED,NET_CAPABILITY_NOT_SUSPENDED","signalStrength":-2147483648,"transportTypes":"TRANSPORT_CELLULAR"},"detailedState":"CONNECTED","extraInfo":"ims","isAvailable":true,"isConnected":true,"isFailover":false,"isRoaming":false,"state":"CONNECTED","subtype":13,"subtypeName":"LTE","type":0,"typeName":"MOBILE"},{"capabilities":{"SSID":null,"linkDownBandwidthKbps":57438,"linkUpstreamBandwidthKbps":21660,"networkCapabilities"...
&amp#27;[38;5;32m[AndroidUiautomator2Driver@19ff (95e9bcd9)]&amp#27;[0m Screen already unlocked, doing nothing
&amp#27;[38;5;32m[AndroidUiautomator2Driver@19ff (95e9bcd9)]&amp#27;[0m Starting 'com.amazon.avod.thirdpartyclient/com.amazon.avod.app.MainActivity and waiting for 'com.amazon.avod.thirdpartyclient/com.amazon.avod.app.MainActivity'
&amp#27;[38;5;48m[ADB]&amp#27;[0m Running '/Users/sanju/Library/Android/sdk/platform-tools/adb -P 5037 -s 2A211FDH300FY5 shell am start -W -n com.amazon.avod.thirdpartyclient/com.amazon.avod.app.MainActivity -S -a android.intent.action.MAIN -c android.intent.category.LAUNCHER -f 0x10200000'
&amp#27;[38;5;16m[AppiumDriver@8afa]&amp#27;[0m New AndroidUiautomator2Driver session created successfully, session 95e9bcd9-16d7-4909-9850-95b0224278cc added to master session list
&amp#27;[38;5;16m[AppiumDriver@8afa]&amp#27;[0m Event 'newSessionStarted' logged at 1758672377436 (01:06:17 GMT+0100 (British Summer Time))
&amp#27;[38;5;32m[AndroidUiautomator2Driver@19ff (95e9bcd9)]&amp#27;[0m Cached the protocol value 'W3C' for the new session 95e9bcd9-16d7-4909-9850-95b0224278cc
&amp#27;[38;5;32m[AndroidUiautomator2Driver@19ff (95e9bcd9)]&amp#27;[0m Responding to client with driver.createSession() result: {"capabilities":{"platformName":"ANDROID","appActivity":"com.amazon.avod.app.MainActivity","deviceName":"2A211FDH300FY5","automationName":"UiAutomator2","platformVersion":"16","appPackage":"com.amazon.avod.thirdpartyclient","platform":"LINUX","webStorageEnabled":false,"takesScreenshot":true,"javascriptEnabled":true,"databaseEnabled":false,"networkConnectionEnabled":true,"locationContextEnabled":false,"warnings":{},"desired":{"platformName":"ANDROID","appActivity":"com.amazon.avod.app.MainActivity","deviceName":"2A211FDH300FY5","automationName":"UiAutomator2","platformVersion":"16","appPackage":"com.amazon.avod.thirdpartyclient"},"deviceUDID":"2A211FDH300FY5","pixelRatio":"3.5","statBarHeight":142,"viewportRect":{"left":0,"top":142,"width":1440,"height":2978},"deviceApiLevel":36,"deviceManufacturer":"Google","deviceModel":"Pixel 7 Pro","deviceScreenSize":"1440x3120","deviceScreenDensity":560}}
&amp#27;[38;5;0m[HTTP]&amp#27;[0m <-- POST /session 200 5525 ms - 966
&amp#27;[38;5;0m[HTTP]&amp#27;[0m 
&amp#27;[38;5;0m[HTTP]&amp#27;[0m &amp#27;[37m-->&amp#27;[39m &amp#27;[37mPOST&amp#27;[39m &amp#27;[37m/session/95e9bcd9-16d7-4909-9850-95b0224278cc/url&amp#27;[39m
&amp#27;[38;5;0m[HTTP]&amp#27;[0m {"url":"com.amazon.avod.thirdpartyclient/com.amazon.avod.app.MainActivity"}
&amp#27;[38;5;32m[AndroidUiautomator2Driver@19ff (95e9bcd9)]&amp#27;[0m Encountered internal error running command: Error: Url or Uri must start with <scheme>://
&amp#27;[38;5;32m[AndroidUiautomator2Driver@19ff (95e9bcd9)]&amp#27;[0m     at Object.setUrl (/usr/local/lib/node_modules/appium/node_modules/@appium/base-driver/lib/protocol/validators.js:17:13)
&amp#27;[38;5;32m[AndroidUiautomator2Driver@19ff (95e9bcd9)]&amp#27;[0m     at asyncHandler (/usr/local/lib/node_modules/appium/node_modules/@appium/base-driver/lib/protocol/protocol.js:376:33)
&amp#27;[38;5;32m[AndroidUiautomator2Driver@19ff (95e9bcd9)]&amp#27;[0m     at /usr/local/lib/node_modules/appium/node_modules/@appium/base-driver/lib/protocol/protocol.js:518:15
&amp#27;[38;5;32m[AndroidUiautomator2Driver@19ff (95e9bcd9)]&amp#27;[0m     at Layer.handle [as handle_request] (/usr/local/lib/node_modules/appium/node_modules/express/lib/router/layer.js:95:5)
&amp#27;[38;5;32m[AndroidUiautomator2Driver@19ff (95e9bcd9)]&amp#27;[0m     at next (/usr/local/lib/node_modules/appium/node_modules/express/lib/router/route.js:144:13)
&amp#27;[38;5;32m[AndroidUiautomator2Driver@19ff (95e9bcd9)]&amp#27;[0m     at Route.dispatch (/usr/local/lib/node_modules/appium/node_modules/express/lib/router/route.js:114:3)
&amp#27;[38;5;32m[AndroidUiautomator2Driver@19ff (95e9bcd9)]&amp#27;[0m     at Layer.handle [as handle_request] (/usr/local/lib/node_modules/appium/node_modules/express/lib/router/layer.js:95:5)
&amp#27;[38;5;32m[AndroidUiautomator2Driver@19ff (95e9bcd9)]&amp#27;[0m     at /usr/local/lib/node_modules/appium/node_modules/express/lib/router/index.js:284:15
&amp#27;[38;5;32m[AndroidUiautomator2Driver@19ff (95e9bcd9)]&amp#27;[0m     at param (/usr/local/lib/node_modules/appium/node_modules/express/lib/router/index.js:365:14)
&amp#27;[38;5;32m[AndroidUiautomator2Driver@19ff (95e9bcd9)]&amp#27;[0m     at param (/usr/local/lib/node_modules/appium/node_modules/express/lib/router/index.js:376:14)
&amp#27;[38;5;32m[AndroidUiautomator2Driver@19ff (95e9bcd9)]&amp#27;[0m     at Function.process_params (/usr/local/lib/node_modules/appium/node_modules/express/lib/router/index.js:421:3)
&amp#27;[38;5;32m[AndroidUiautomator2Driver@19ff (95e9bcd9)]&amp#27;[0m     at next (/usr/local/lib/node_modules/appium/node_modules/express/lib/router/index.js:280:10)
&amp#27;[38;5;32m[AndroidUiautomator2Driver@19ff (95e9bcd9)]&amp#27;[0m     at logger (/usr/local/lib/node_modules/appium/node_modules/morgan/index.js:144:5)
&amp#27;[38;5;32m[AndroidUiautomator2Driver@19ff (95e9bcd9)]&amp#27;[0m     at Layer.handle [as handle_request] (/usr/local/lib/node_modules/appium/node_modules/express/lib/router/layer.js:95:5)
&amp#27;[38;5;32m[AndroidUiautomator2Driver@19ff (95e9bcd9)]&amp#27;[0m     at trim_prefix (/usr/local/lib/node_modules/appium/node_modules/express/lib/router/index.js:328:13)
&amp#27;[38;5;32m[AndroidUiautomator2Driver@19ff (95e9bcd9)]&amp#27;[0m     at /usr/local/lib/node_modules/appium/node_modules/express/lib/router/index.js:286:9
&amp#27;[38;5;32m[AndroidUiautomator2Driver@19ff (95e9bcd9)]&amp#27;[0m     at Function.process_params (/usr/local/lib/node_modules/appium/node_modules/express/lib/router/index.js:346:12)
&amp#27;[38;5;32m[AndroidUiautomator2Driver@19ff (95e9bcd9)]&amp#27;[0m     at next (/usr/local/lib/node_modules/appium/node_modules/express/lib/router/index.js:280:10)
&amp#27;[38;5;32m[AndroidUiautomator2Driver@19ff (95e9bcd9)]&amp#27;[0m     at /usr/local/lib/node_modules/appium/node_modules/body-parser/lib/read.js:137:5
&amp#27;[38;5;32m[AndroidUiautomator2Driver@19ff (95e9bcd9)]&amp#27;[0m     at AsyncResource.runInAsyncScope (node:async_hooks:206:9)
&amp#27;[38;5;32m[AndroidUiautomator2Driver@19ff (95e9bcd9)]&amp#27;[0m     at invokeCallback (/usr/local/lib/node_modules/appium/node_modules/raw-body/index.js:238:16)
&amp#27;[38;5;32m[AndroidUiautomator2Driver@19ff (95e9bcd9)]&amp#27;[0m     at done (/usr/local/lib/node_modules/appium/node_modules/raw-body/index.js:227:7)
&amp#27;[38;5;32m[AndroidUiautomator2Driver@19ff (95e9bcd9)]&amp#27;[0m     at IncomingMessage.onEnd (/usr/local/lib/node_modules/appium/node_modules/raw-body/index.js:287:7)
&amp#27;[38;5;32m[AndroidUiautomator2Driver@19ff (95e9bcd9)]&amp#27;[0m     at IncomingMessage.emit (node:events:518:28)
&amp#27;[38;5;32m[AndroidUiautomator2Driver@19ff (95e9bcd9)]&amp#27;[0m     at endReadableNT (node:internal/streams/readable:1696:12)
&amp#27;[38;5;32m[AndroidUiautomator2Driver@19ff (95e9bcd9)]&amp#27;[0m     at processTicksAndRejections (node:internal/process/task_queues:82:21)
&amp#27;[38;5;0m[HTTP]&amp#27;[0m <-- POST /session/95e9bcd9-16d7-4909-9850-95b0224278cc/url 500 9 ms - 2888
&amp#27;[38;5;0m[HTTP]&amp#27;[0m 
      &amp#27;[31morg.openqa.selenium.WebDriverException: An unknown server-side error occurred while processing the command. Original error: Url or Uri must start with <scheme>://
Build info: version: '4.35.0', revision: '1c58e5028b'
System info: os.name: 'Mac OS X', os.arch: 'aarch64', os.version: '14.3', java.version: '21.0.2'
Driver info: io.appium.java_client.AppiumDriver
Command: [95e9bcd9-16d7-4909-9850-95b0224278cc, get {url=com.amazon.avod.thirdpartyclient/com.amazon.avod.app.MainActivity}]
Capabilities {appium:appActivity: com.amazon.avod.app.MainAct..., appium:appPackage: com.amazon.avod.thirdpartyc..., appium:automationName: UiAutomator2, appium:databaseEnabled: false, appium:desired: {appActivity: com.amazon.avod.app.MainAct..., appPackage: com.amazon.avod.thirdpartyc..., automationName: UiAutomator2, deviceName: 2A211FDH300FY5, platformName: ANDROID, platformVersion: 16}, appium:deviceApiLevel: 36, appium:deviceManufacturer: Google, appium:deviceModel: Pixel 7 Pro, appium:deviceName: 2A211FDH300FY5, appium:deviceScreenDensity: 560, appium:deviceScreenSize: 1440x3120, appium:deviceUDID: 2A211FDH300FY5, appium:javascriptEnabled: true, appium:locationContextEnabled: false, appium:networkConnectionEnabled: true, appium:pixelRatio: 3.5, appium:platformVersion: 16, appium:statBarHeight: 142, appium:takesScreenshot: true, appium:viewportRect: {height: 2978, left: 0, top: 142, width: 1440}, appium:warnings: {}, appium:webStorageEnabled: false, platformName: ANDROID}
Session ID: 95e9bcd9-16d7-4909-9850-95b0224278cc
	at java.base/jdk.internal.reflect.DirectConstructorHandleAccessor.newInstance(DirectConstructorHandleAccessor.java:62)
	at java.base/java.lang.reflect.Constructor.newInstanceWithCaller(Constructor.java:502)
	at java.base/java.lang.reflect.Constructor.newInstance(Constructor.java:486)
	at org.openqa.selenium.remote.ErrorCodec.decode(ErrorCodec.java:167)
	at org.openqa.selenium.remote.codec.w3c.W3CHttpResponseCodec.decode(W3CHttpResponseCodec.java:138)
	at org.openqa.selenium.remote.codec.w3c.W3CHttpResponseCodec.decode(W3CHttpResponseCodec.java:50)
	at org.openqa.selenium.remote.HttpCommandExecutor.execute(HttpCommandExecutor.java:215)
	at io.appium.java_client.remote.AppiumCommandExecutor.execute(AppiumCommandExecutor.java:243)
	at org.openqa.selenium.remote.RemoteWebDriver.execute(RemoteWebDriver.java:557)
	at org.openqa.selenium.remote.RemoteWebDriver.get(RemoteWebDriver.java:325)
	at com.test.roku.utils.DriverUtils.launchUrl(DriverUtils.java:178)
	at com.test.roku.utils.DriverUtils.initDriver(DriverUtils.java:45)
	at com.test.roku.utils.DriverUtils.getDriver(DriverUtils.java:50)
	at com.test.roku.steps.Hooks.setUp(Hooks.java:30)
&amp#27;[0m
  &amp#27;[36mGiven &amp#27;[0m&amp#27;[36mUser launches the prime Video Application&amp#27;[0m  &amp#27;[90m# com.test.roku.steps.ApplicationLauncher.launchApplication()&amp#27;[0m
  &amp#27;[36mThen &amp#27;[0m&amp#27;[36mUser should be displayed the apps home page&amp#27;[0m &amp#27;[90m# com.test.roku.steps.ApplicationLauncher.userShouldBeDisplayedTheAppsHomePage()&amp#27;[0m
[Appium] Received SIGTERM - shutting down
&amp#27;[38;5;16m[AppiumDriver@8afa]&amp#27;[0m Cleaning up 1 active session
&amp#27;[38;5;16m[AppiumDriver@8afa]&amp#27;[0m Ending session, cause was 'The process has received SIGTERM signal'
&amp#27;[38;5;16m[AppiumDriver@8afa]&amp#27;[0m Removing session '95e9bcd9-16d7-4909-9850-95b0224278cc' from our master session list
&amp#27;[38;5;32m[AndroidUiautomator2Driver@19ff (95e9bcd9)]&amp#27;[0m Deleting UiAutomator2 session
&amp#27;[38;5;32m[AndroidUiautomator2Driver@19ff (95e9bcd9)]&amp#27;[0m Deleting UiAutomator2 server session
&amp#27;[38;5;32m[AndroidUiautomator2Driver@19ff (95e9bcd9)]&amp#27;[0m Matched '/' to command name 'deleteSession'
&amp#27;[38;5;32m[AndroidUiautomator2Driver@19ff (95e9bcd9)]&amp#27;[0m Proxying [DELETE /] to [DELETE http://127.0.0.1:8200/session/cf6e4f31-04dd-4c65-b472-5f12a885f10a] with no body
&amp#27;[38;5;32m[AndroidUiautomator2Driver@19ff (95e9bcd9)]&amp#27;[0m Got response with status 200: {"sessionId":"cf6e4f31-04dd-4c65-b472-5f12a885f10a","value":null}
&amp#27;[38;5;48m[ADB]&amp#27;[0m Running '/Users/sanju/Library/Android/sdk/platform-tools/adb -P 5037 -s 2A211FDH300FY5 shell dumpsys activity services io.appium.settings/.recorder.RecorderService'
&amp#27;[38;5;48m[ADB]&amp#27;[0m Running '/Users/sanju/Library/Android/sdk/platform-tools/adb -P 5037 -s 2A211FDH300FY5 shell am force-stop com.amazon.avod.thirdpartyclient'
&amp#27;[38;5;64m[Logcat]&amp#27;[0m Stopping logcat capture
&amp#27;[38;5;48m[ADB]&amp#27;[0m Removing forwarded port socket connection: 8200 
&amp#27;[38;5;48m[ADB]&amp#27;[0m Running '/Users/sanju/Library/Android/sdk/platform-tools/adb -P 5037 -s 2A211FDH300FY5 forward --remove tcp:8200'
&amp#27;[38;5;32m[AndroidUiautomator2Driver@19ff (95e9bcd9)]&amp#27;[0m Restoring hidden api policy to the device default configuration
&amp#27;[38;5;48m[ADB]&amp#27;[0m Running '/Users/sanju/Library/Android/sdk/platform-tools/adb -P 5037 -s 2A211FDH300FY5 shell 'settings delete global hidden_api_policy_pre_p_apps;settings delete global hidden_api_policy_p_apps;settings delete global hidden_api_policy''
&amp#27;[38;5;80m[Instrumentation]&amp#27;[0m .
&amp#27;[38;5;0m[HTTP]&amp#27;[0m Waiting until the server is closed
&amp#27;[38;5;0m[HTTP]&amp#27;[0m Received server close event
]]></system-out>
    <system-err><![CDATA[SLF4J: Failed to load class "org.slf4j.impl.StaticLoggerBinder".
SLF4J: Defaulting to no-operation (NOP) logger implementation
SLF4J: See http://www.slf4j.org/codes.html#StaticLoggerBinder for further details.
]]></system-err>
  </testcase>
  <testcase name="tearDownClass" classname="runner.TestRunner" time="9.487">
    <failure message="java.io.IOException: HTTP request failed:&#10;&gt; GET https://messages.cucumber.io/api/reports&#10;&lt; HTTP/1.1 400 Bad Request&#10;&lt; Strict-Transport-Security: max-age=31536000&#10;&lt; Server: Netlify&#10;&lt; Cache-Status: &quot;Netlify Edge&quot;; fwd=miss&#10;&lt; Netlify-Vary: query&#10;&lt; X-Amzn-Requestid: 029e577c-9f0f-460e-a71b-bfc33d86432f&#10;&lt; Content-Length: 747&#10;&lt; Age: 0&#10;&lt; Date: Wed, 24 Sep 2025 00:06:18 GMT&#10;&lt; X-Amzn-Trace-Id: Root=1-68d335fa-651631900d2de4730155d450;Parent=6d772104e05bd536;Sampled=0;Lineage=1:33587909:0&#10;&lt; X-Nf-Request-Id: 01K5WGNPJKK8EXKMM7DDGSRX1S&#10;&lt; Content-Type: text/plain; charset=UTF-8&#10;&amp;#27;[31m┌──────────────────────────────────────────────────┐&amp;#27;[39m&#10;&amp;#27;[31m│&amp;#27;[39m Private reports are no longer supported.         &amp;#27;[31m│&amp;#27;[39m&#10;&amp;#27;[31m│&amp;#27;[39m You can still publish anonymous (public) reports &amp;#27;[31m│&amp;#27;[39m&#10;&amp;#27;[31m│&amp;#27;[39m by removing the token from your configuration.   &amp;#27;[31m│&amp;#27;[39m&#10;&amp;#27;[31m│&amp;#27;[39m                                                  &amp;#27;[31m│&amp;#27;[39m&#10;&amp;#27;[31m│&amp;#27;[39m See &amp;#27;[1m&amp;#27;[4m&amp;#27;[36mhttps://reports.cucumber.io/faqs&amp;#27;[39m&amp;#27;[24m&amp;#27;[22m             &amp;#27;[31m│&amp;#27;[39m&#10;&amp;#27;[31m└──────────────────────────────────────────────────┘&amp;#27;[39m" type="java.lang.RuntimeException"><![CDATA[java.lang.RuntimeException: 
java.io.IOException: HTTP request failed:
> GET https://messages.cucumber.io/api/reports
< HTTP/1.1 400 Bad Request
< Strict-Transport-Security: max-age=31536000
< Server: Netlify
< Cache-Status: "Netlify Edge"; fwd=miss
< Netlify-Vary: query
< X-Amzn-Requestid: 029e577c-9f0f-460e-a71b-bfc33d86432f
< Content-Length: 747
< Age: 0
< Date: Wed, 24 Sep 2025 00:06:18 GMT
< X-Amzn-Trace-Id: Root=1-68d335fa-651631900d2de4730155d450;Parent=6d772104e05bd536;Sampled=0;Lineage=1:33587909:0
< X-Nf-Request-Id: 01K5WGNPJKK8EXKMM7DDGSRX1S
< Content-Type: text/plain; charset=UTF-8
&amp#27;[31m┌──────────────────────────────────────────────────┐&amp#27;[39m
&amp#27;[31m│&amp#27;[39m Private reports are no longer supported.         &amp#27;[31m│&amp#27;[39m
&amp#27;[31m│&amp#27;[39m You can still publish anonymous (public) reports &amp#27;[31m│&amp#27;[39m
&amp#27;[31m│&amp#27;[39m by removing the token from your configuration.   &amp#27;[31m│&amp#27;[39m
&amp#27;[31m│&amp#27;[39m                                                  &amp#27;[31m│&amp#27;[39m
&amp#27;[31m│&amp#27;[39m See &amp#27;[1m&amp#27;[4m&amp#27;[36mhttps://reports.cucumber.io/faqs&amp#27;[39m&amp#27;[24m&amp#27;[22m             &amp#27;[31m│&amp#27;[39m
&amp#27;[31m└──────────────────────────────────────────────────┘&amp#27;[39m
	at io.cucumber.core.plugin.MessageFormatter.writeMessage(MessageFormatter.java:34)
	at io.cucumber.core.eventbus.AbstractEventPublisher.send(AbstractEventPublisher.java:51)
	at io.cucumber.core.eventbus.AbstractEventBus.send(AbstractEventBus.java:12)
	at io.cucumber.core.runtime.SynchronizedEventBus.send(SynchronizedEventBus.java:47)
	at io.cucumber.core.runtime.CucumberExecutionContext.emitTestRunFinished(CucumberExecutionContext.java:139)
	at io.cucumber.core.runtime.CucumberExecutionContext.finishTestRun(CucumberExecutionContext.java:118)
	at io.cucumber.testng.TestNGCucumberRunner.finish(TestNGCucumberRunner.java:145)
	at io.cucumber.testng.AbstractTestNGCucumberTests.tearDownClass(AbstractTestNGCucumberTests.java:57)
	at java.base/jdk.internal.reflect.DirectMethodHandleAccessor.invoke(DirectMethodHandleAccessor.java:103)
	at java.base/java.lang.reflect.Method.invoke(Method.java:580)
	at org.testng.internal.invokers.MethodInvocationHelper.invokeMethod(MethodInvocationHelper.java:139)
	at org.testng.internal.invokers.MethodInvocationHelper.invokeMethodConsideringTimeout(MethodInvocationHelper.java:69)
	at org.testng.internal.invokers.ConfigInvoker.invokeConfigurationMethod(ConfigInvoker.java:393)
	at org.testng.internal.invokers.ConfigInvoker.invokeConfigurations(ConfigInvoker.java:326)
	at org.testng.internal.invokers.TestMethodWorker.invokeAfterClassConfigurations(TestMethodWorker.java:229)
	at org.testng.internal.invokers.TestMethodWorker.invokeAfterClassMethods(TestMethodWorker.java:215)
	at org.testng.internal.invokers.TestMethodWorker.run(TestMethodWorker.java:131)
	at java.base/java.util.ArrayList.forEach(ArrayList.java:1596)
	at org.testng.TestRunner.privateRun(TestRunner.java:819)
	at org.testng.TestRunner.run(TestRunner.java:619)
	at org.testng.SuiteRunner.runTest(SuiteRunner.java:443)
	at org.testng.SuiteRunner.runSequentially(SuiteRunner.java:437)
	at org.testng.SuiteRunner.privateRun(SuiteRunner.java:397)
	at org.testng.SuiteRunner.run(SuiteRunner.java:336)
	at org.testng.SuiteRunnerWorker.runSuite(SuiteRunnerWorker.java:52)
	at org.testng.SuiteRunnerWorker.run(SuiteRunnerWorker.java:95)
	at org.testng.TestNG.runSuitesSequentially(TestNG.java:1301)
	at org.testng.TestNG.runSuitesLocally(TestNG.java:1228)
	at org.testng.TestNG.runSuites(TestNG.java:1134)
	at org.testng.TestNG.run(TestNG.java:1101)
	at org.apache.maven.surefire.testng.TestNGExecutor.run(TestNGExecutor.java:155)
	at org.apache.maven.surefire.testng.TestNGDirectoryTestSuite.executeSingleClass(TestNGDirectoryTestSuite.java:102)
	at org.apache.maven.surefire.testng.TestNGDirectoryTestSuite.execute(TestNGDirectoryTestSuite.java:91)
	at org.apache.maven.surefire.testng.TestNGProvider.invoke(TestNGProvider.java:137)
	at org.apache.maven.surefire.booter.ForkedBooter.runSuitesInProcess(ForkedBooter.java:385)
	at org.apache.maven.surefire.booter.ForkedBooter.execute(ForkedBooter.java:162)
	at org.apache.maven.surefire.booter.ForkedBooter.run(ForkedBooter.java:507)
	at org.apache.maven.surefire.booter.ForkedBooter.main(ForkedBooter.java:495)
Caused by: java.io.IOException: HTTP request failed:
> GET https://messages.cucumber.io/api/reports
< HTTP/1.1 400 Bad Request
< Strict-Transport-Security: max-age=31536000
< Server: Netlify
< Cache-Status: "Netlify Edge"; fwd=miss
< Netlify-Vary: query
< X-Amzn-Requestid: 029e577c-9f0f-460e-a71b-bfc33d86432f
< Content-Length: 747
< Age: 0
< Date: Wed, 24 Sep 2025 00:06:18 GMT
< X-Amzn-Trace-Id: Root=1-68d335fa-651631900d2de4730155d450;Parent=6d772104e05bd536;Sampled=0;Lineage=1:33587909:0
< X-Nf-Request-Id: 01K5WGNPJKK8EXKMM7DDGSRX1S
< Content-Type: text/plain; charset=UTF-8
&amp#27;[31m┌──────────────────────────────────────────────────┐&amp#27;[39m
&amp#27;[31m│&amp#27;[39m Private reports are no longer supported.         &amp#27;[31m│&amp#27;[39m
&amp#27;[31m│&amp#27;[39m You can still publish anonymous (public) reports &amp#27;[31m│&amp#27;[39m
&amp#27;[31m│&amp#27;[39m by removing the token from your configuration.   &amp#27;[31m│&amp#27;[39m
&amp#27;[31m│&amp#27;[39m                                                  &amp#27;[31m│&amp#27;[39m
&amp#27;[31m│&amp#27;[39m See &amp#27;[1m&amp#27;[4m&amp#27;[36mhttps://reports.cucumber.io/faqs&amp#27;[39m&amp#27;[24m&amp#27;[22m             &amp#27;[31m│&amp#27;[39m
&amp#27;[31m└──────────────────────────────────────────────────┘&amp#27;[39m
	at io.cucumber.core.plugin.UrlOutputStream.createCurlLikeException(UrlOutputStream.java:150)
	at io.cucumber.core.plugin.UrlOutputStream.getResponseBody(UrlOutputStream.java:135)
	at io.cucumber.core.plugin.UrlOutputStream.sendRequest(UrlOutputStream.java:87)
	at io.cucumber.core.plugin.UrlOutputStream.close(UrlOutputStream.java:65)
	at java.base/sun.nio.cs.StreamEncoder.implClose(StreamEncoder.java:439)
	at java.base/sun.nio.cs.StreamEncoder.lockedClose(StreamEncoder.java:237)
	at java.base/sun.nio.cs.StreamEncoder.close(StreamEncoder.java:228)
	at java.base/java.io.OutputStreamWriter.close(OutputStreamWriter.java:266)
	at io.cucumber.core.plugin.MessageFormatter.writeMessage(MessageFormatter.java:31)
	... 37 more
]]></failure>
  </testcase>
</testsuite>